#
# There is insufficient memory for the Java Runtime Environment to continue.
# Native memory allocation (mmap) failed to map 123731968 bytes. Error detail: G1 virtual space
# Possible reasons:
#   The system is out of physical RAM or swap space
#   This process is running with CompressedOops enabled, and the Java Heap may be blocking the growth of the native heap
# Possible solutions:
#   Reduce memory load on the system
#   Increase physical memory or swap space
#   Check if swap backing store is full
#   Decrease Java heap size (-Xmx/-Xms)
#   Decrease number of Java threads
#   Decrease Java thread stack sizes (-Xss)
#   Set larger code cache with -XX:ReservedCodeCacheSize=
#   JVM is running with Unscaled Compressed Oops mode in which the Java heap is
#     placed in the first 4GB address space. The Java Heap base address is the
#     maximum limit for the native heap growth. Please use -XX:HeapBaseMinAddress
#     to set the Java Heap base and to place the Java Heap above 4GB virtual address.
# This output file may be truncated or incomplete.
#
#  Out of Memory Error (os_windows.cpp:3631), pid=12692, tid=12752
#
# JRE version:  (22.0.1+8) (build )
# Java VM: Java HotSpot(TM) 64-Bit Server VM (22.0.1+8-16, mixed mode, sharing, tiered, compressed oops, compressed class ptrs, g1 gc, windows-amd64)
# No core dump will be written. Minidumps are not enabled by default on client versions of Windows
#

---------------  S U M M A R Y ------------

Command Line: -javaagent:C:\Program Files\JetBrains\IntelliJ IDEA Community Edition 2025.1.3\lib\idea_rt.jar=59238 -Dfile.encoding=UTF-8 -Dsun.stdout.encoding=UTF-8 -Dsun.stderr.encoding=UTF-8 RestartingIn2025.KthLargest

Host: AMD Ryzen 5 5500U with Radeon Graphics         , 12 cores, 7G,  Windows 11 , 64 bit Build 22621 (10.0.22621.5415)
Time: Wed Jul  2 21:59:30 2025 India Standard Time elapsed time: 0.022648 seconds (0d 0h 0m 0s)

---------------  T H R E A D  ---------------

Current thread (0x00000222e7513220):  JavaThread "Unknown thread" [_thread_in_vm, id=12752, stack(0x00000035ec600000,0x00000035ec700000) (1024K)]

Stack: [0x00000035ec600000,0x00000035ec700000]
Native frames: (J=compiled Java code, j=interpreted, Vv=VM code, C=native code)
V  [jvm.dll+0x6e2279]  (no source info available)
V  [jvm.dll+0x874e33]  (no source info available)
V  [jvm.dll+0x87725e]  (no source info available)
V  [jvm.dll+0x877933]  (no source info available)
V  [jvm.dll+0x27fd76]  (no source info available)
V  [jvm.dll+0x6de915]  (no source info available)
V  [jvm.dll+0x6d341a]  (no source info available)
V  [jvm.dll+0x3589da]  (no source info available)
V  [jvm.dll+0x360f06]  (no source info available)
V  [jvm.dll+0x3b3e2e]  (no source info available)
V  [jvm.dll+0x3b40d8]  (no source info available)
V  [jvm.dll+0x32c59c]  (no source info available)
V  [jvm.dll+0x32d158]  (no source info available)
V  [jvm.dll+0x83ccdc]  (no source info available)
V  [jvm.dll+0x3c0d71]  (no source info available)
V  [jvm.dll+0x825ccc]  (no source info available)
V  [jvm.dll+0x45b8fe]  (no source info available)
V  [jvm.dll+0x45d781]  (no source info available)
C  [jli.dll+0x52a3]  (no source info available)
C  [ucrtbase.dll+0x29333]  (no source info available)
C  [KERNEL32.DLL+0x1259d]  (no source info available)
C  [ntdll.dll+0x5af78]  (no source info available)


---------------  P R O C E S S  ---------------

Threads class SMR info:
_java_thread_list=0x00007ff9fed4b1c8, length=0, elements={
}

Java Threads: ( => current thread )
Total: 0

Other Threads:
  0x00000222e97afac0 WorkerThread "GC Thread#0"                     [id=12732, stack(0x00000035ec700000,0x00000035ec800000) (1024K)]
  0x00000222e97bf4c0 ConcurrentGCThread "G1 Main Marker"            [id=3764, stack(0x00000035ec800000,0x00000035ec900000) (1024K)]
  0x00000222e97c0090 WorkerThread "G1 Conc#0"                       [id=2088, stack(0x00000035ec900000,0x00000035eca00000) (1024K)]

[error occurred during error reporting (printing all threads), id 0xc0000005, EXCEPTION_ACCESS_VIOLATION (0xc0000005) at pc=0x00007ff9fe49f367]
VM state: not at safepoint (not fully initialized)

VM Mutex/Monitor currently owned by a thread:  ([mutex/lock_event])
[0x00007ff9fedcbcb8] Heap_lock - owner thread: 0x00000222e7513220

Heap address: 0x000000008ac00000, size: 1876 MB, Compressed Oops mode: 32-bit

CDS archive(s) mapped at: [0x0000000000000000-0x0000000000000000-0x0000000000000000), size 0, SharedBaseAddress: 0x0000000800000000, ArchiveRelocationMode: 1.
Narrow klass base: 0x0000000000000000, Narrow klass shift: 0, Narrow klass range: 0x0

GC Precious Log:
 CardTable entry size: 512
 Card Set container configuration: InlinePtr #cards 5 size 8 Array Of Cards #cards 12 size 40 Howl #buckets 4 coarsen threshold 1843 Howl Bitmap #cards 512 size 80 coarsen threshold 460 Card regions per heap region 1 cards per card region 2048

Heap:
 garbage-first heap   total reserved 1921024K, committed 0K, used 0K [0x000000008ac00000, 0x0000000100000000)
  region size 1024K, 0 young (0K), 0 survivors (0K)

[error occurred during error reporting (printing heap information), id 0xc0000005, EXCEPTION_ACCESS_VIOLATION (0xc0000005) at pc=0x00007ff9fe89e429]
GC Heap History (0 events):
No events

Dll operation events (1 events):
Event: 0.015 Loaded shared library E:\Installer\jdk\bin\java.dll

Deoptimization events (0 events):
No events

Classes loaded (0 events):
No events

Classes unloaded (0 events):
No events

Classes redefined (0 events):
No events

Internal exceptions (0 events):
No events

ZGC Phase Switch (0 events):
No events

VM Operations (0 events):
No events

Events (0 events):
No events


Dynamic libraries:
0x00007ff6a6cb0000 - 0x00007ff6a6cc0000 	E:\Installer\jdk\bin\java.exe
0x00007ffa589b0000 - 0x00007ffa58bc7000 	C:\WINDOWS\SYSTEM32\ntdll.dll
0x00007ffa57190000 - 0x00007ffa57254000 	C:\WINDOWS\System32\KERNEL32.DLL
0x00007ffa55c70000 - 0x00007ffa56042000 	C:\WINDOWS\System32\KERNELBASE.dll
0x00007ffa55aa0000 - 0x00007ffa55bb1000 	C:\WINDOWS\System32\ucrtbase.dll
0x00007ffa4fc90000 - 0x00007ffa4fca7000 	E:\Installer\jdk\bin\jli.dll
0x00007ffa51420000 - 0x00007ffa5143b000 	E:\Installer\jdk\bin\VCRUNTIME140.dll
0x00007ffa57cc0000 - 0x00007ffa57d71000 	C:\WINDOWS\System32\ADVAPI32.dll
0x00007ffa57260000 - 0x00007ffa57307000 	C:\WINDOWS\System32\msvcrt.dll
0x00007ffa58680000 - 0x00007ffa58728000 	C:\WINDOWS\System32\sechost.dll
0x00007ffa564e0000 - 0x00007ffa56508000 	C:\WINDOWS\System32\bcrypt.dll
0x00007ffa57d80000 - 0x00007ffa57e94000 	C:\WINDOWS\System32\RPCRT4.dll
0x00007ffa587b0000 - 0x00007ffa58961000 	C:\WINDOWS\System32\USER32.dll
0x00007ffa55c40000 - 0x00007ffa55c66000 	C:\WINDOWS\System32\win32u.dll
0x00007ffa3bd40000 - 0x00007ffa3bfdb000 	C:\WINDOWS\WinSxS\amd64_microsoft.windows.common-controls_6595b64144ccf1df_6.0.22621.5415_none_270d77d17387d7da\COMCTL32.dll
0x00007ffa58650000 - 0x00007ffa58679000 	C:\WINDOWS\System32\GDI32.dll
0x00007ffa56510000 - 0x00007ffa56633000 	C:\WINDOWS\System32\gdi32full.dll
0x00007ffa56050000 - 0x00007ffa560ea000 	C:\WINDOWS\System32\msvcp_win.dll
0x00007ffa4c710000 - 0x00007ffa4c71a000 	C:\WINDOWS\SYSTEM32\VERSION.dll
0x00007ffa56b00000 - 0x00007ffa56b31000 	C:\WINDOWS\System32\IMM32.DLL
0x00007ffa52730000 - 0x00007ffa5273c000 	E:\Installer\jdk\bin\vcruntime140_1.dll
0x00007ffa3ad00000 - 0x00007ffa3ad8e000 	E:\Installer\jdk\bin\msvcp140.dll
0x00007ff9fe160000 - 0x00007ff9feea7000 	E:\Installer\jdk\bin\server\jvm.dll
0x00007ffa58730000 - 0x00007ffa587a1000 	C:\WINDOWS\System32\WS2_32.dll
0x00007ffa557c0000 - 0x00007ffa5580d000 	C:\WINDOWS\SYSTEM32\POWRPROF.dll
0x00007ffa4f5f0000 - 0x00007ffa4f624000 	C:\WINDOWS\SYSTEM32\WINMM.dll
0x00007ffa557a0000 - 0x00007ffa557b3000 	C:\WINDOWS\SYSTEM32\UMPDC.dll
0x00007ffa54ad0000 - 0x00007ffa54ae8000 	C:\WINDOWS\SYSTEM32\kernel.appcore.dll
0x00007ffa52700000 - 0x00007ffa5270a000 	E:\Installer\jdk\bin\jimage.dll
0x00007ffa4d660000 - 0x00007ffa4d893000 	C:\WINDOWS\SYSTEM32\DBGHELP.DLL
0x00007ffa56b40000 - 0x00007ffa56ed3000 	C:\WINDOWS\System32\combase.dll
0x00007ffa56ee0000 - 0x00007ffa56fb7000 	C:\WINDOWS\System32\OLEAUT32.dll
0x00007ffa38ec0000 - 0x00007ffa38ef2000 	C:\WINDOWS\SYSTEM32\dbgcore.DLL
0x00007ffa55bc0000 - 0x00007ffa55c3b000 	C:\WINDOWS\System32\bcryptPrimitives.dll
0x00007ffa4fc50000 - 0x00007ffa4fc5f000 	E:\Installer\jdk\bin\instrument.dll
0x00007ffa4fc70000 - 0x00007ffa4fc8e000 	E:\Installer\jdk\bin\java.dll
0x00007ffa57410000 - 0x00007ffa57cb2000 	C:\WINDOWS\System32\SHELL32.dll
0x00007ffa561b0000 - 0x00007ffa562ef000 	C:\WINDOWS\System32\wintypes.dll
0x00007ffa56950000 - 0x00007ffa56af0000 	C:\WINDOWS\System32\ole32.dll

dbghelp: loaded successfully - version: 4.0.5 - missing functions: none
symbol engine: initialized successfully - sym options: 0x614 - pdb path: .;E:\Installer\jdk\bin;C:\WINDOWS\SYSTEM32;C:\WINDOWS\WinSxS\amd64_microsoft.windows.common-controls_6595b64144ccf1df_6.0.22621.5415_none_270d77d17387d7da;E:\Installer\jdk\bin\server

VM Arguments:
jvm_args: -javaagent:C:\Program Files\JetBrains\IntelliJ IDEA Community Edition 2025.1.3\lib\idea_rt.jar=59238 -Dfile.encoding=UTF-8 -Dsun.stdout.encoding=UTF-8 -Dsun.stderr.encoding=UTF-8 
java_command: RestartingIn2025.KthLargest
java_class_path (initial): E:\IdeaProjects\JAVA_CODE\out\production\JAVA_CODE
Launcher Type: SUN_STANDARD

[Global flags]
     intx CICompilerCount                          = 4                                         {product} {ergonomic}
     uint ConcGCThreads                            = 3                                         {product} {ergonomic}
     uint G1ConcRefinementThreads                  = 10                                        {product} {ergonomic}
   size_t G1HeapRegionSize                         = 1048576                                   {product} {ergonomic}
   size_t InitialHeapSize                          = 123731968                                 {product} {ergonomic}
   size_t MarkStackSize                            = 4194304                                   {product} {ergonomic}
   size_t MaxHeapSize                              = 1967128576                                {product} {ergonomic}
   size_t MinHeapDeltaBytes                        = 1048576                                   {product} {ergonomic}
   size_t MinHeapSize                              = 8388608                                   {product} {ergonomic}
    uintx NonNMethodCodeHeapSize                   = 5839372                                {pd product} {ergonomic}
    uintx NonProfiledCodeHeapSize                  = 122909434                              {pd product} {ergonomic}
    uintx ProfiledCodeHeapSize                     = 122909434                              {pd product} {ergonomic}
    uintx ReservedCodeCacheSize                    = 251658240                              {pd product} {ergonomic}
     bool SegmentedCodeCache                       = true                                      {product} {ergonomic}
   size_t SoftMaxHeapSize                          = 1967128576                             {manageable} {ergonomic}
     bool UseCompressedOops                        = true                           {product lp64_product} {ergonomic}
     bool UseG1GC                                  = true                                      {product} {ergonomic}
     bool UseLargePagesIndividualAllocation        = false                                  {pd product} {ergonomic}

Logging:
Log output configuration:
 #0: stdout all=warning uptime,level,tags foldmultilines=false
 #1: stderr all=off uptime,level,tags foldmultilines=false

Environment Variables:
PATH=E:\Installer\pythonOLD\Scripts\;E:\Installer\pythonOLD\;C:\Python313\Scripts\;C:\Python313\;E:\Installer\python\Scripts\;E:\Installer\python\;C:\Program Files\Common Files\Oracle\Java\javapath;C:\WINDOWS\system32;C:\WINDOWS;C:\WINDOWS\System32\Wbem;C:\WINDOWS\System32\WindowsPowerShell\v1.0\;C:\WINDOWS\System32\OpenSSH\;C:\ProgramData\chocolatey\bin;E:\Installer\git\Git\cmd;E:\CODE\myglobalenv\python.exe;E:\Installer\CMake\bin;E:\Installer\boost_1_85_0.7z\boost_1_85_0\boost;C:\Program Files (x86)\Microsoft SQL Server\160\Tools\Binn\;C:\Program Files\Microsoft SQL Server\160\Tools\Binn\;C:\Program Files\Microsoft SQL Server\Client SDK\ODBC\170\Tools\Binn\;C:\Program Files\Microsoft SQL Server\160\DTS\Binn\;C:\Program Files\nodejs;E:\Installer\sqlite;JWT_SECRET_KEY=your_secret_key_here;E:\Installer\NodeJs\;E:\Installer\pythonOLD\python.exe;E:\Installer\jdk\bin;C:\Program Files\MySQL\MySQL Shell 8.0\bin\;C:\Users\Rajnish\AppData\Local\Microsoft\WindowsApps;C:\Users\Rajnish\AppData\Local\JetBrains\Toolbox\scripts;E:\Installer\vs code\Microsoft VS Code\bin;E:\Installer\c_c++\ucrt64\bin;C:\Users\Rajnish\AppData\Local\Microsoft\WindowsApps;E:\CODE\myglobalenv\Scripts\python.exe;C:\Users\Rajnish\AppData\Local\Microsoft\WinGet\Packages\Schniz.fnm_Microsoft.Winget.Source_8wekyb3d8bbwe;C:\Users\Rajnish\AppData\Roaming\npm;C:\Program Files\JetBrains\IntelliJ IDEA Community Edition 2025.1.3\bin;
USERNAME=Rajnish
OS=Windows_NT
PROCESSOR_IDENTIFIER=AMD64 Family 23 Model 104 Stepping 1, AuthenticAMD
TMP=C:\Users\Rajnish\AppData\Local\Temp
TEMP=C:\Users\Rajnish\AppData\Local\Temp




Periodic native trim disabled

---------------  S Y S T E M  ---------------

OS:
 Windows 11 , 64 bit Build 22621 (10.0.22621.5415)
OS uptime: 0 days 6:42 hours
Hyper-V role detected

CPU: total 12 (initial active 12) (12 cores per cpu, 2 threads per core) family 23 model 104 stepping 1 microcode 0x0, cx8, cmov, fxsr, ht, mmx, 3dnowpref, sse, sse2, sse3, ssse3, sse4a, sse4.1, sse4.2, popcnt, lzcnt, tsc, tscinvbit, avx, avx2, aes, clmul, bmi1, bmi2, adx, sha, fma, vzeroupper, clflush, clflushopt, hv, rdtscp, rdpid, f16c
Processor Information for processor 0
  Max Mhz: 2100, Current Mhz: 2100, Mhz Limit: 2100
Processor Information for processor 1
  Max Mhz: 2100, Current Mhz: 1813, Mhz Limit: 2100
Processor Information for processor 2
  Max Mhz: 2100, Current Mhz: 2100, Mhz Limit: 2100
Processor Information for processor 3
  Max Mhz: 2100, Current Mhz: 1813, Mhz Limit: 2100
Processor Information for processor 4
  Max Mhz: 2100, Current Mhz: 1813, Mhz Limit: 2100
Processor Information for processor 5
  Max Mhz: 2100, Current Mhz: 2100, Mhz Limit: 2100
Processor Information for processor 6
  Max Mhz: 2100, Current Mhz: 2100, Mhz Limit: 2100
Processor Information for processor 7
  Max Mhz: 2100, Current Mhz: 1813, Mhz Limit: 2100
Processor Information for processor 8
  Max Mhz: 2100, Current Mhz: 1813, Mhz Limit: 2100
Processor Information for processor 9
  Max Mhz: 2100, Current Mhz: 1813, Mhz Limit: 2100
Processor Information for processor 10
  Max Mhz: 2100, Current Mhz: 2100, Mhz Limit: 2100
Processor Information for processor 11
  Max Mhz: 2100, Current Mhz: 2100, Mhz Limit: 2100

Memory: 4k page, system-wide physical 7501M (1805M free)
TotalPageFile size 7501M (AvailPageFile size 25M)
current process WorkingSet (physical memory assigned to process): 12M, peak: 12M
current process commit charge ("private bytes"): 64M, peak: 182M

vm_info: Java HotSpot(TM) 64-Bit Server VM (22.0.1+8-16) for windows-amd64 JRE (22.0.1+8-16), built on 2024-03-12T10:33:16Z by "mach5one" with MS VC++ 17.6 (VS2022)

END.
